Source: desktop (Headphones (HUAWEI USB-C HEADSET))
Config: 48000 Hz, 2 ch, frame=5 ms (240 samples/ch)
Target: 127.0.0.1:50000
Transport: tcp
Stats: one line per second (pps/kbps/drops/backlog)
stats frame=5ms tx=202pps 1599.8kbps cap=101chunks/s 96960samples/s drop=0 q=0 avgAbs=8290.0 active=100.0% perf capQ=0.044ms capSend=0.113ms pkt=0.001ms sock=0.033ms
stats frame=5ms tx=200pps 1584.0kbps cap=100chunks/s 96000samples/s drop=0 q=0 avgAbs=8217.3 active=100.0% perf capQ=0.019ms capSend=0.104ms pkt=0.001ms sock=0.042ms
stats frame=5ms tx=200pps 1584.0kbps cap=100chunks/s 96000samples/s drop=0 q=0 avgAbs=8190.4 active=100.0% perf capQ=0.019ms capSend=0.109ms pkt=0.001ms sock=0.045ms
stats frame=5ms tx=202pps 1599.8kbps cap=101chunks/s 96960samples/s drop=0 q=0 avgAbs=8096.8 active=100.0% perf capQ=0.018ms capSend=0.102ms pkt=0.001ms sock=0.041ms
stats frame=5ms tx=200pps 1584.0kbps cap=100chunks/s 96000samples/s drop=0 q=0 avgAbs=8246.8 active=100.0% perf capQ=0.016ms capSend=0.095ms pkt=0.001ms sock=0.038ms
stats frame=5ms tx=202pps 1599.8kbps cap=101chunks/s 96960samples/s drop=0 q=0 avgAbs=8442.3 active=100.0% perf capQ=0.016ms capSend=0.095ms pkt=0.001ms sock=0.038ms
stats frame=5ms tx=200pps 1584.0kbps cap=100chunks/s 96000samples/s drop=0 q=0 avgAbs=8089.3 active=100.0% perf capQ=0.021ms capSend=0.104ms pkt=0.001ms sock=0.041ms
stats frame=5ms tx=200pps 1584.0kbps cap=100chunks/s 96000samples/s drop=0 q=0 avgAbs=7833.5 active=100.0% perf capQ=0.013ms capSend=0.080ms pkt=0.001ms sock=0.032ms
stats frame=5ms tx=200pps 1584.0kbps cap=100chunks/s 96000samples/s drop=0 q=0 avgAbs=8727.9 active=100.0% perf capQ=0.018ms capSend=0.094ms pkt=0.001ms sock=0.037ms
stats frame=5ms tx=202pps 1599.8kbps cap=101chunks/s 96960samples/s drop=0 q=0 avgAbs=8282.8 active=100.0% perf capQ=0.020ms capSend=0.114ms pkt=0.001ms sock=0.045ms
stats frame=5ms tx=200pps 1584.0kbps cap=100chunks/s 96000samples/s drop=0 q=0 avgAbs=8485.9 active=100.0% perf capQ=0.018ms capSend=0.083ms pkt=0.001ms sock=0.031ms
stats frame=5ms tx=200pps 1584.0kbps cap=100chunks/s 96000samples/s drop=0 q=0 avgAbs=8918.0 active=100.0% perf capQ=0.019ms capSend=0.094ms pkt=0.001ms sock=0.037ms
stats frame=5ms tx=200pps 1584.0kbps cap=100chunks/s 96000samples/s drop=0 q=0 avgAbs=8738.6 active=100.0% perf capQ=0.021ms capSend=0.114ms pkt=0.001ms sock=0.046ms
stats frame=5ms tx=202pps 1599.8kbps cap=101chunks/s 96960samples/s drop=0 q=0 avgAbs=7958.7 active=100.0% perf capQ=0.021ms capSend=0.112ms pkt=0.001ms sock=0.046ms
stats frame=5ms tx=200pps 1584.0kbps cap=100chunks/s 96000samples/s drop=0 q=0 avgAbs=8267.0 active=100.0% perf capQ=0.018ms capSend=0.107ms pkt=0.001ms sock=0.044ms
stats frame=5ms tx=200pps 1584.0kbps cap=100chunks/s 96000samples/s drop=0 q=0 avgAbs=8089.2 active=100.0% perf capQ=0.021ms capSend=0.110ms pkt=0.001ms sock=0.044ms
stats frame=5ms tx=200pps 1584.0kbps cap=100chunks/s 96000samples/s drop=0 q=0 avgAbs=8284.9 active=100.0% perf capQ=0.022ms capSend=0.111ms pkt=0.001ms sock=0.044ms
stats frame=5ms tx=200pps 1584.0kbps cap=100chunks/s 96000samples/s drop=0 q=0 avgAbs=7978.3 active=100.0% perf capQ=0.018ms capSend=0.094ms pkt=0.001ms sock=0.037ms
stats frame=5ms tx=202pps 1599.8kbps cap=101chunks/s 96960samples/s drop=0 q=0 avgAbs=7292.2 active=100.0% perf capQ=0.021ms capSend=0.104ms pkt=0.001ms sock=0.041ms
stats frame=5ms tx=200pps 1584.0kbps cap=100chunks/s 96000samples/s drop=0 q=0 avgAbs=8122.2 active=100.0% perf capQ=0.015ms capSend=0.099ms pkt=0.001ms sock=0.041ms
stats frame=5ms tx=200pps 1584.0kbps cap=100chunks/s 96000samples/s drop=0 q=0 avgAbs=8804.8 active=100.0% perf capQ=0.018ms capSend=0.092ms pkt=0.000ms sock=0.036ms
stats frame=5ms tx=202pps 1599.8kbps cap=101chunks/s 96960samples/s drop=0 q=0 avgAbs=8352.3 active=100.0% perf capQ=0.022ms capSend=0.102ms pkt=0.001ms sock=0.040ms
stats frame=5ms tx=200pps 1584.0kbps cap=100chunks/s 96000samples/s drop=0 q=0 avgAbs=8278.2 active=100.0% perf capQ=0.023ms capSend=0.109ms pkt=0.001ms sock=0.042ms
stats frame=5ms tx=200pps 1584.0kbps cap=100chunks/s 96000samples/s drop=0 q=0 avgAbs=7209.2 active=100.0% perf capQ=0.019ms capSend=0.097ms pkt=0.001ms sock=0.039ms
stats frame=5ms tx=200pps 1584.0kbps cap=100chunks/s 96000samples/s drop=0 q=0 avgAbs=7863.0 active=100.0% perf capQ=0.022ms capSend=0.109ms pkt=0.001ms sock=0.042ms
stats frame=5ms tx=202pps 1599.8kbps cap=101chunks/s 96960samples/s drop=0 q=0 avgAbs=7385.8 active=100.0% perf capQ=0.020ms capSend=0.116ms pkt=0.001ms sock=0.048ms
stats frame=5ms tx=200pps 1584.0kbps cap=100chunks/s 96000samples/s drop=0 q=0 avgAbs=7842.2 active=100.0% perf capQ=0.022ms capSend=0.114ms pkt=0.001ms sock=0.046ms
stats frame=5ms tx=200pps 1584.0kbps cap=100chunks/s 96000samples/s drop=0 q=0 avgAbs=7949.4 active=100.0% perf capQ=0.014ms capSend=0.086ms pkt=0.001ms sock=0.036ms
stats frame=5ms tx=200pps 1584.0kbps cap=100chunks/s 96000samples/s drop=0 q=0 avgAbs=8224.8 active=100.0% perf capQ=0.020ms capSend=0.107ms pkt=0.001ms sock=0.043ms
stats frame=5ms tx=202pps 1599.8kbps cap=101chunks/s 96960samples/s drop=0 q=0 avgAbs=8688.7 active=100.0% perf capQ=0.021ms capSend=0.111ms pkt=0.001ms sock=0.046ms
stats frame=5ms tx=200pps 1584.0kbps cap=100chunks/s 96000samples/s drop=0 q=0 avgAbs=7501.1 active=100.0% perf capQ=0.021ms capSend=0.105ms pkt=0.001ms sock=0.041ms
stats frame=5ms tx=200pps 1584.0kbps cap=100chunks/s 96000samples/s drop=0 q=0 avgAbs=7908.9 active=100.0% perf capQ=0.018ms capSend=0.096ms pkt=0.000ms sock=0.038ms
stats frame=5ms tx=200pps 1584.0kbps cap=100chunks/s 96000samples/s drop=0 q=0 avgAbs=7761.6 active=100.0% perf capQ=0.020ms capSend=0.105ms pkt=0.001ms sock=0.043ms
stats frame=5ms tx=200pps 1584.0kbps cap=100chunks/s 96000samples/s drop=0 q=0 avgAbs=8390.9 active=100.0% perf capQ=0.021ms capSend=0.109ms pkt=0.001ms sock=0.043ms
stats frame=5ms tx=202pps 1599.8kbps cap=101chunks/s 96960samples/s drop=0 q=0 avgAbs=7668.0 active=100.0% perf capQ=0.022ms capSend=0.118ms pkt=0.001ms sock=0.048ms
stats frame=5ms tx=200pps 1584.0kbps cap=100chunks/s 96000samples/s drop=0 q=0 avgAbs=8366.8 active=100.0% perf capQ=0.018ms capSend=0.103ms pkt=0.001ms sock=0.042ms
stats frame=5ms tx=200pps 1584.0kbps cap=100chunks/s 96000samples/s drop=0 q=0 avgAbs=7113.3 active=100.0% perf capQ=0.019ms capSend=0.102ms pkt=0.001ms sock=0.042ms
stats frame=5ms tx=201pps 1591.9kbps cap=101chunks/s 96960samples/s drop=0 q=0 avgAbs=8094.0 active=100.0% perf capQ=0.020ms capSend=0.099ms pkt=0.001ms sock=0.038ms
stats frame=5ms tx=201pps 1591.9kbps cap=100chunks/s 96000samples/s drop=0 q=0 avgAbs=6405.5 active=100.0% perf capQ=0.017ms capSend=0.098ms pkt=0.001ms sock=0.040ms
stats frame=5ms tx=200pps 1584.0kbps cap=100chunks/s 96000samples/s drop=0 q=0 avgAbs=8366.8 active=100.0% perf capQ=0.018ms capSend=0.098ms pkt=0.001ms sock=0.039ms
stats frame=5ms tx=200pps 1584.0kbps cap=100chunks/s 96000samples/s drop=0 q=0 avgAbs=8585.4 active=100.0% perf capQ=0.016ms capSend=0.083ms pkt=0.001ms sock=0.032ms
stats frame=5ms tx=200pps 1584.0kbps cap=100chunks/s 96000samples/s drop=0 q=0 avgAbs=7568.9 active=100.0% perf capQ=0.015ms capSend=0.085ms pkt=0.001ms sock=0.033ms
stats frame=5ms tx=202pps 1599.8kbps cap=101chunks/s 96960samples/s drop=0 q=0 avgAbs=6402.2 active=100.0% perf capQ=0.014ms capSend=0.085ms pkt=0.001ms sock=0.034ms
stats frame=5ms tx=200pps 1584.0kbps cap=100chunks/s 96000samples/s drop=0 q=0 avgAbs=4858.9 active=100.0% perf capQ=0.022ms capSend=0.097ms pkt=0.001ms sock=0.037ms
stats frame=5ms tx=200pps 1584.0kbps cap=100chunks/s 96000samples/s drop=0 q=0 avgAbs=4045.6 active=100.0% perf capQ=0.018ms capSend=0.110ms pkt=0.001ms sock=0.046ms
stats frame=5ms tx=200pps 1584.0kbps cap=100chunks/s 96000samples/s drop=0 q=0 avgAbs=390.3 active=99.8% perf capQ=0.019ms capSend=0.101ms pkt=0.001ms sock=0.041ms
stats frame=5ms tx=202pps 1599.8kbps cap=101chunks/s 96960samples/s drop=0 q=0 avgAbs=189.3 active=99.6% perf capQ=0.021ms capSend=0.100ms pkt=0.001ms sock=0.041ms
stats frame=5ms tx=200pps 1584.0kbps cap=100chunks/s 96000samples/s drop=0 q=0 avgAbs=31.6 active=95.1% perf capQ=0.017ms capSend=0.089ms pkt=0.001ms sock=0.035ms
stats frame=5ms tx=200pps 1584.0kbps cap=100chunks/s 96000samples/s drop=0 q=0 avgAbs=1519.8 active=32.3% perf capQ=0.014ms capSend=0.089ms pkt=0.001ms sock=0.036ms
stats frame=5ms tx=202pps 1599.8kbps cap=101chunks/s 96960samples/s drop=0 q=0 avgAbs=5992.7 active=100.0% perf capQ=0.022ms capSend=0.103ms pkt=0.001ms sock=0.040ms
stats frame=5ms tx=200pps 1584.0kbps cap=100chunks/s 96000samples/s drop=0 q=0 avgAbs=7654.4 active=100.0% perf capQ=0.018ms capSend=0.094ms pkt=0.001ms sock=0.037ms
stats frame=5ms tx=200pps 1584.0kbps cap=100chunks/s 96000samples/s drop=0 q=0 avgAbs=6081.0 active=100.0% perf capQ=0.022ms capSend=0.106ms pkt=0.001ms sock=0.042ms
stats frame=5ms tx=200pps 1584.0kbps cap=100chunks/s 96000samples/s drop=0 q=0 avgAbs=5328.1 active=100.0% perf capQ=0.020ms capSend=0.102ms pkt=0.001ms sock=0.040ms
stats frame=5ms tx=202pps 1599.8kbps cap=101chunks/s 96960samples/s drop=0 q=0 avgAbs=6611.3 active=100.0% perf capQ=0.019ms capSend=0.095ms pkt=0.000ms sock=0.038ms
stats frame=5ms tx=200pps 1584.0kbps cap=100chunks/s 96000samples/s drop=0 q=0 avgAbs=4657.6 active=100.0% perf capQ=0.019ms capSend=0.095ms pkt=0.001ms sock=0.038ms
stats frame=5ms tx=200pps 1584.0kbps cap=100chunks/s 96000samples/s drop=0 q=0 avgAbs=6454.3 active=100.0% perf capQ=0.020ms capSend=0.102ms pkt=0.001ms sock=0.041ms
stats frame=5ms tx=200pps 1584.0kbps cap=100chunks/s 96000samples/s drop=0 q=0 avgAbs=7933.8 active=100.0% perf capQ=0.020ms capSend=0.114ms pkt=0.001ms sock=0.046ms
stats frame=5ms tx=202pps 1599.8kbps cap=101chunks/s 96960samples/s drop=0 q=0 avgAbs=7866.9 active=100.0% perf capQ=0.019ms capSend=0.093ms pkt=0.001ms sock=0.036ms
stats frame=5ms tx=200pps 1584.0kbps cap=100chunks/s 96000samples/s drop=0 q=0 avgAbs=6259.7 active=100.0% perf capQ=0.017ms capSend=0.097ms pkt=0.001ms sock=0.040ms
stats frame=5ms tx=200pps 1584.0kbps cap=100chunks/s 96000samples/s drop=0 q=0 avgAbs=6673.7 active=100.0% perf capQ=0.021ms capSend=0.103ms pkt=0.001ms sock=0.041ms
stats frame=5ms tx=200pps 1584.0kbps cap=100chunks/s 96000samples/s drop=0 q=0 avgAbs=7575.3 active=100.0% perf capQ=0.018ms capSend=0.104ms pkt=0.001ms sock=0.043ms
stats frame=5ms tx=200pps 1584.0kbps cap=100chunks/s 96000samples/s drop=0 q=0 avgAbs=6005.9 active=100.0% perf capQ=0.020ms capSend=0.102ms pkt=0.001ms sock=0.040ms
stats frame=5ms tx=202pps 1599.8kbps cap=101chunks/s 96960samples/s drop=0 q=0 avgAbs=7881.6 active=100.0% perf capQ=0.022ms capSend=0.106ms pkt=0.001ms sock=0.042ms
stats frame=5ms tx=200pps 1584.0kbps cap=100chunks/s 96000samples/s drop=0 q=0 avgAbs=8038.8 active=100.0% perf capQ=0.020ms capSend=0.099ms pkt=0.001ms sock=0.039ms
stats frame=5ms tx=200pps 1584.0kbps cap=100chunks/s 96000samples/s drop=0 q=0 avgAbs=7141.9 active=100.0% perf capQ=0.021ms capSend=0.101ms pkt=0.001ms sock=0.040ms
stats frame=5ms tx=200pps 1584.0kbps cap=100chunks/s 96000samples/s drop=0 q=0 avgAbs=7677.1 active=100.0% perf capQ=0.017ms capSend=0.096ms pkt=0.001ms sock=0.039ms
stats frame=5ms tx=202pps 1599.8kbps cap=101chunks/s 96960samples/s drop=0 q=0 avgAbs=6766.1 active=100.0% perf capQ=0.016ms capSend=0.087ms pkt=0.000ms sock=0.035ms
stats frame=5ms tx=200pps 1584.0kbps cap=100chunks/s 96000samples/s drop=0 q=0 avgAbs=6373.9 active=100.0% perf capQ=0.013ms capSend=0.077ms pkt=0.001ms sock=0.031ms
stats frame=5ms tx=200pps 1584.0kbps cap=100chunks/s 96000samples/s drop=0 q=0 avgAbs=7948.3 active=100.0% perf capQ=0.016ms capSend=0.089ms pkt=0.001ms sock=0.036ms
stats frame=5ms tx=202pps 1599.8kbps cap=101chunks/s 96960samples/s drop=0 q=0 avgAbs=9016.9 active=100.0% perf capQ=0.014ms capSend=0.072ms pkt=0.000ms sock=0.028ms
stats frame=5ms tx=200pps 1584.0kbps cap=100chunks/s 96000samples/s drop=0 q=0 avgAbs=6363.6 active=100.0% perf capQ=0.014ms capSend=0.076ms pkt=0.001ms sock=0.029ms
stats frame=5ms tx=200pps 1584.0kbps cap=100chunks/s 96000samples/s drop=0 q=0 avgAbs=6789.6 active=100.0% perf capQ=0.016ms capSend=0.082ms pkt=0.000ms sock=0.033ms
stats frame=5ms tx=200pps 1584.0kbps cap=100chunks/s 96000samples/s drop=0 q=0 avgAbs=7442.7 active=100.0% perf capQ=0.020ms capSend=0.101ms pkt=0.001ms sock=0.040ms
stats frame=5ms tx=200pps 1584.0kbps cap=100chunks/s 96000samples/s drop=0 q=0 avgAbs=6876.5 active=100.0% perf capQ=0.019ms capSend=0.103ms pkt=0.001ms sock=0.041ms
stats frame=5ms tx=202pps 1599.8kbps cap=101chunks/s 96960samples/s drop=0 q=0 avgAbs=7743.4 active=100.0% perf capQ=0.019ms capSend=0.097ms pkt=0.001ms sock=0.038ms
stats frame=5ms tx=200pps 1584.0kbps cap=100chunks/s 96000samples/s drop=0 q=0 avgAbs=7804.8 active=100.0% perf capQ=0.021ms capSend=0.105ms pkt=0.001ms sock=0.041ms
stats frame=5ms tx=200pps 1584.0kbps cap=100chunks/s 96000samples/s drop=0 q=0 avgAbs=7143.5 active=100.0% perf capQ=0.016ms capSend=0.086ms pkt=0.001ms sock=0.033ms
stats frame=5ms tx=200pps 1584.0kbps cap=100chunks/s 96000samples/s drop=0 q=0 avgAbs=4756.3 active=100.0% perf capQ=0.018ms capSend=0.097ms pkt=0.001ms sock=0.039ms
stats frame=5ms tx=202pps 1599.8kbps cap=101chunks/s 96960samples/s drop=0 q=0 avgAbs=5537.6 active=100.0% perf capQ=0.015ms capSend=0.090ms pkt=0.001ms sock=0.036ms
stats frame=5ms tx=200pps 1584.0kbps cap=100chunks/s 96000samples/s drop=0 q=0 avgAbs=6212.4 active=100.0% perf capQ=0.024ms capSend=0.102ms pkt=0.001ms sock=0.039ms
stats frame=5ms tx=200pps 1584.0kbps cap=100chunks/s 96000samples/s drop=0 q=0 avgAbs=6691.8 active=100.0% perf capQ=0.021ms capSend=0.103ms pkt=0.001ms sock=0.040ms
stats frame=5ms tx=200pps 1584.0kbps cap=100chunks/s 96000samples/s drop=0 q=0 avgAbs=7322.6 active=100.0% perf capQ=0.021ms capSend=0.105ms pkt=0.001ms sock=0.041ms
stats frame=5ms tx=202pps 1599.8kbps cap=101chunks/s 96960samples/s drop=0 q=0 avgAbs=7005.6 active=100.0% perf capQ=0.028ms capSend=0.115ms pkt=0.001ms sock=0.043ms
stats frame=5ms tx=200pps 1584.0kbps cap=100chunks/s 96000samples/s drop=0 q=0 avgAbs=5869.8 active=100.0% perf capQ=0.021ms capSend=0.108ms pkt=0.001ms sock=0.041ms
stats frame=5ms tx=200pps 1584.0kbps cap=100chunks/s 96000samples/s drop=0 q=0 avgAbs=5544.4 active=100.0% perf capQ=0.020ms capSend=0.104ms pkt=0.001ms sock=0.041ms
stats frame=5ms tx=200pps 1584.0kbps cap=100chunks/s 96000samples/s drop=0 q=0 avgAbs=5256.4 active=100.0% perf capQ=0.019ms capSend=0.093ms pkt=0.001ms sock=0.036ms
stats frame=5ms tx=202pps 1599.8kbps cap=101chunks/s 96960samples/s drop=0 q=0 avgAbs=6975.4 active=100.0% perf capQ=0.020ms capSend=0.108ms pkt=0.001ms sock=0.043ms
stats frame=5ms tx=200pps 1584.0kbps cap=100chunks/s 96000samples/s drop=0 q=0 avgAbs=6475.0 active=100.0% perf capQ=0.016ms capSend=0.085ms pkt=0.000ms sock=0.034ms
stats frame=5ms tx=200pps 1584.0kbps cap=100chunks/s 96000samples/s drop=0 q=0 avgAbs=7296.0 active=100.0% perf capQ=0.017ms capSend=0.083ms pkt=0.001ms sock=0.032ms
stats frame=5ms tx=200pps 1584.0kbps cap=100chunks/s 96000samples/s drop=0 q=0 avgAbs=6729.5 active=100.0% perf capQ=0.019ms capSend=0.100ms pkt=0.001ms sock=0.039ms
stats frame=5ms tx=202pps 1599.8kbps cap=101chunks/s 96960samples/s drop=0 q=0 avgAbs=4938.7 active=100.0% perf capQ=0.015ms capSend=0.079ms pkt=0.001ms sock=0.030ms
stats frame=5ms tx=200pps 1584.0kbps cap=100chunks/s 96000samples/s drop=0 q=0 avgAbs=5748.8 active=100.0% perf capQ=0.012ms capSend=0.065ms pkt=0.000ms sock=0.026ms
stats frame=5ms tx=200pps 1584.0kbps cap=100chunks/s 96000samples/s drop=0 q=0 avgAbs=6160.6 active=100.0% perf capQ=0.016ms capSend=0.065ms pkt=0.000ms sock=0.023ms
stats frame=5ms tx=200pps 1584.0kbps cap=100chunks/s 96000samples/s drop=0 q=0 avgAbs=6502.7 active=100.0% perf capQ=0.013ms capSend=0.068ms pkt=0.000ms sock=0.026ms
stats frame=5ms tx=200pps 1584.0kbps cap=100chunks/s 96000samples/s drop=0 q=0 avgAbs=6405.3 active=100.0% perf capQ=0.022ms capSend=0.103ms pkt=0.001ms sock=0.039ms
stats frame=5ms tx=202pps 1599.8kbps cap=101chunks/s 96960samples/s drop=0 q=0 avgAbs=6768.3 active=100.0% perf capQ=0.018ms capSend=0.081ms pkt=0.000ms sock=0.032ms
stats frame=5ms tx=200pps 1584.0kbps cap=100chunks/s 96000samples/s drop=0 q=0 avgAbs=4637.6 active=100.0% perf capQ=0.019ms capSend=0.092ms pkt=0.001ms sock=0.037ms
stats frame=5ms tx=200pps 1584.0kbps cap=100chunks/s 96000samples/s drop=0 q=0 avgAbs=5415.0 active=100.0% perf capQ=0.016ms capSend=0.087ms pkt=0.001ms sock=0.034ms
stats frame=5ms tx=200pps 1584.0kbps cap=100chunks/s 96000samples/s drop=0 q=0 avgAbs=4986.7 active=100.0% perf capQ=0.015ms capSend=0.089ms pkt=0.001ms sock=0.036ms
stats frame=5ms tx=201pps 1591.9kbps cap=101chunks/s 96960samples/s drop=0 q=0 avgAbs=4584.8 active=100.0% perf capQ=0.018ms capSend=0.089ms pkt=0.001ms sock=0.034ms
stats frame=5ms tx=201pps 1591.9kbps cap=100chunks/s 96000samples/s drop=0 q=0 avgAbs=6135.1 active=100.0% perf capQ=0.018ms capSend=0.086ms pkt=0.000ms sock=0.033ms
stats frame=5ms tx=200pps 1584.0kbps cap=100chunks/s 96000samples/s drop=0 q=0 avgAbs=9110.0 active=100.0% perf capQ=0.021ms capSend=0.104ms pkt=0.001ms sock=0.041ms
stats frame=5ms tx=200pps 1584.0kbps cap=100chunks/s 96000samples/s drop=0 q=0 avgAbs=7056.8 active=100.0% perf capQ=0.018ms capSend=0.092ms pkt=0.001ms sock=0.036ms
stats frame=5ms tx=200pps 1584.0kbps cap=100chunks/s 96000samples/s drop=0 q=0 avgAbs=6702.8 active=100.0% perf capQ=0.020ms capSend=0.107ms pkt=0.001ms sock=0.041ms
stats frame=5ms tx=200pps 1584.0kbps cap=100chunks/s 96000samples/s drop=0 q=0 avgAbs=7552.3 active=100.0% perf capQ=0.017ms capSend=0.088ms pkt=0.001ms sock=0.033ms
stats frame=5ms tx=202pps 1599.8kbps cap=101chunks/s 96960samples/s drop=0 q=0 avgAbs=7953.6 active=100.0% perf capQ=0.016ms capSend=0.087ms pkt=0.001ms sock=0.034ms
stats frame=5ms tx=200pps 1584.0kbps cap=100chunks/s 96000samples/s drop=0 q=0 avgAbs=8229.6 active=100.0% perf capQ=0.017ms capSend=0.090ms pkt=0.001ms sock=0.036ms
stats frame=5ms tx=200pps 1584.0kbps cap=100chunks/s 96000samples/s drop=0 q=0 avgAbs=9911.5 active=100.0% perf capQ=0.019ms capSend=0.108ms pkt=0.001ms sock=0.042ms
stats frame=5ms tx=200pps 1584.0kbps cap=100chunks/s 96000samples/s drop=0 q=0 avgAbs=9694.3 active=100.0% perf capQ=0.016ms capSend=0.095ms pkt=0.001ms sock=0.038ms
stats frame=5ms tx=200pps 1584.0kbps cap=100chunks/s 96000samples/s drop=0 q=0 avgAbs=7563.3 active=100.0% perf capQ=0.021ms capSend=0.111ms pkt=0.001ms sock=0.044ms
stats frame=5ms tx=200pps 1584.0kbps cap=100chunks/s 96000samples/s drop=0 q=0 avgAbs=7396.0 active=100.0% perf capQ=0.016ms capSend=0.093ms pkt=0.001ms sock=0.037ms
stats frame=5ms tx=200pps 1584.0kbps cap=101chunks/s 96960samples/s drop=0 q=0 avgAbs=9641.6 active=100.0% perf capQ=0.016ms capSend=0.106ms pkt=0.001ms sock=0.043ms
stats frame=5ms tx=202pps 1599.8kbps cap=100chunks/s 96000samples/s drop=0 q=0 avgAbs=8185.3 active=100.0% perf capQ=0.015ms capSend=0.083ms pkt=0.001ms sock=0.033ms
stats frame=5ms tx=200pps 1584.0kbps cap=100chunks/s 96000samples/s drop=0 q=0 avgAbs=8973.2 active=100.0% perf capQ=0.023ms capSend=0.106ms pkt=0.001ms sock=0.041ms
stats frame=5ms tx=200pps 1584.0kbps cap=100chunks/s 96000samples/s drop=0 q=0 avgAbs=8833.1 active=100.0% perf capQ=0.018ms capSend=0.096ms pkt=0.001ms sock=0.038ms
stats frame=5ms tx=200pps 1584.0kbps cap=100chunks/s 96000samples/s drop=0 q=0 avgAbs=6583.1 active=100.0% perf capQ=0.017ms capSend=0.094ms pkt=0.001ms sock=0.037ms
stats frame=5ms tx=202pps 1599.8kbps cap=101chunks/s 96960samples/s drop=0 q=0 avgAbs=7568.2 active=100.0% perf capQ=0.020ms capSend=0.107ms pkt=0.001ms sock=0.043ms
stats frame=5ms tx=200pps 1584.0kbps cap=100chunks/s 96000samples/s drop=0 q=0 avgAbs=8563.6 active=100.0% perf capQ=0.015ms capSend=0.079ms pkt=0.001ms sock=0.031ms
stats frame=5ms tx=200pps 1584.0kbps cap=100chunks/s 96000samples/s drop=0 q=0 avgAbs=7944.1 active=100.0% perf capQ=0.017ms capSend=0.087ms pkt=0.001ms sock=0.033ms
stats frame=5ms tx=200pps 1584.0kbps cap=100chunks/s 96000samples/s drop=0 q=0 avgAbs=8986.3 active=100.0% perf capQ=0.015ms capSend=0.082ms pkt=0.001ms sock=0.033ms
stats frame=5ms tx=202pps 1599.8kbps cap=101chunks/s 96960samples/s drop=0 q=0 avgAbs=9847.4 active=100.0% perf capQ=0.017ms capSend=0.088ms pkt=0.001ms sock=0.034ms
stats frame=5ms tx=200pps 1584.0kbps cap=100chunks/s 96000samples/s drop=0 q=0 avgAbs=9156.8 active=100.0% perf capQ=0.017ms capSend=0.093ms pkt=0.001ms sock=0.038ms
stats frame=5ms tx=200pps 1584.0kbps cap=100chunks/s 96000samples/s drop=0 q=0 avgAbs=7269.5 active=100.0% perf capQ=0.020ms capSend=0.112ms pkt=0.001ms sock=0.047ms
stats frame=5ms tx=202pps 1599.8kbps cap=101chunks/s 96960samples/s drop=0 q=0 avgAbs=7625.4 active=100.0% perf capQ=0.018ms capSend=0.099ms pkt=0.001ms sock=0.040ms
stats frame=5ms tx=200pps 1584.0kbps cap=100chunks/s 96000samples/s drop=0 q=0 avgAbs=7259.4 active=100.0% perf capQ=0.020ms capSend=0.101ms pkt=0.001ms sock=0.038ms
stats frame=5ms tx=200pps 1584.0kbps cap=100chunks/s 96000samples/s drop=0 q=0 avgAbs=6461.7 active=100.0% perf capQ=0.019ms capSend=0.091ms pkt=0.000ms sock=0.035ms
stats frame=5ms tx=200pps 1584.0kbps cap=100chunks/s 96000samples/s drop=0 q=0 avgAbs=8972.4 active=100.0% perf capQ=0.020ms capSend=0.099ms pkt=0.001ms sock=0.039ms
stats frame=5ms tx=202pps 1599.8kbps cap=101chunks/s 96960samples/s drop=0 q=0 avgAbs=8754.4 active=100.0% perf capQ=0.019ms capSend=0.090ms pkt=0.001ms sock=0.034ms
stats frame=5ms tx=200pps 1584.0kbps cap=100chunks/s 96000samples/s drop=0 q=0 avgAbs=8374.4 active=100.0% perf capQ=0.017ms capSend=0.099ms pkt=0.001ms sock=0.039ms
stats frame=5ms tx=200pps 1584.0kbps cap=100chunks/s 96000samples/s drop=0 q=0 avgAbs=8462.2 active=100.0% perf capQ=0.014ms capSend=0.097ms pkt=0.001ms sock=0.038ms
stats frame=5ms tx=200pps 1584.0kbps cap=100chunks/s 96000samples/s drop=0 q=0 avgAbs=10101.0 active=100.0% perf capQ=0.017ms capSend=0.089ms pkt=0.001ms sock=0.035ms
stats frame=5ms tx=200pps 1584.0kbps cap=100chunks/s 96000samples/s drop=0 q=0 avgAbs=8476.5 active=100.0% perf capQ=0.019ms capSend=0.091ms pkt=0.001ms sock=0.034ms
stats frame=5ms tx=202pps 1599.8kbps cap=101chunks/s 96960samples/s drop=0 q=0 avgAbs=8818.1 active=100.0% perf capQ=0.018ms capSend=0.094ms pkt=0.001ms sock=0.037ms
stats frame=5ms tx=200pps 1584.0kbps cap=100chunks/s 96000samples/s drop=0 q=0 avgAbs=9717.3 active=100.0% perf capQ=0.020ms capSend=0.126ms pkt=0.002ms sock=0.051ms
stats frame=5ms tx=200pps 1584.0kbps cap=100chunks/s 96000samples/s drop=0 q=0 avgAbs=10166.1 active=100.0% perf capQ=0.016ms capSend=0.095ms pkt=0.001ms sock=0.038ms
stats frame=5ms tx=202pps 1599.8kbps cap=101chunks/s 96960samples/s drop=0 q=0 avgAbs=9427.5 active=100.0% perf capQ=0.016ms capSend=0.093ms pkt=0.001ms sock=0.037ms
stats frame=5ms tx=200pps 1584.0kbps cap=100chunks/s 96000samples/s drop=0 q=0 avgAbs=9041.1 active=100.0% perf capQ=0.022ms capSend=0.109ms pkt=0.001ms sock=0.043ms
stats frame=5ms tx=200pps 1584.0kbps cap=100chunks/s 96000samples/s drop=0 q=0 avgAbs=9209.2 active=100.0% perf capQ=0.019ms capSend=0.082ms pkt=0.001ms sock=0.030ms
stats frame=5ms tx=200pps 1584.0kbps cap=100chunks/s 96000samples/s drop=0 q=0 avgAbs=9110.5 active=100.0% perf capQ=0.015ms capSend=0.093ms pkt=0.001ms sock=0.038ms
stats frame=5ms tx=200pps 1584.0kbps cap=100chunks/s 96000samples/s drop=0 q=0 avgAbs=9366.3 active=100.0% perf capQ=0.014ms capSend=0.083ms pkt=0.001ms sock=0.034ms
stats frame=5ms tx=202pps 1599.8kbps cap=101chunks/s 96960samples/s drop=0 q=0 avgAbs=8440.3 active=100.0% perf capQ=0.018ms capSend=0.092ms pkt=0.001ms sock=0.036ms
stats frame=5ms tx=200pps 1584.0kbps cap=100chunks/s 96000samples/s drop=0 q=0 avgAbs=9862.8 active=100.0% perf capQ=0.030ms capSend=0.103ms pkt=0.001ms sock=0.035ms
stats frame=5ms tx=200pps 1584.0kbps cap=100chunks/s 96000samples/s drop=0 q=0 avgAbs=9494.7 active=100.0% perf capQ=0.019ms capSend=0.091ms pkt=0.001ms sock=0.034ms
stats frame=5ms tx=200pps 1584.0kbps cap=100chunks/s 96000samples/s drop=0 q=0 avgAbs=11301.5 active=100.0% perf capQ=0.019ms capSend=0.103ms pkt=0.001ms sock=0.042ms
stats frame=5ms tx=200pps 1584.0kbps cap=100chunks/s 96000samples/s drop=0 q=0 avgAbs=10206.7 active=100.0% perf capQ=0.019ms capSend=0.091ms pkt=0.001ms sock=0.034ms
stats frame=5ms tx=200pps 1584.0kbps cap=100chunks/s 96000samples/s drop=0 q=0 avgAbs=10027.0 active=100.0% perf capQ=0.016ms capSend=0.088ms pkt=0.001ms sock=0.034ms
stats frame=5ms tx=202pps 1599.8kbps cap=101chunks/s 96960samples/s drop=0 q=0 avgAbs=10884.4 active=100.0% perf capQ=0.012ms capSend=0.070ms pkt=0.001ms sock=0.028ms
stats frame=5ms tx=200pps 1584.0kbps cap=100chunks/s 96000samples/s drop=0 q=0 avgAbs=5540.2 active=100.0% perf capQ=0.017ms capSend=0.085ms pkt=0.001ms sock=0.033ms
stats frame=5ms tx=200pps 1584.0kbps cap=100chunks/s 96000samples/s drop=0 q=0 avgAbs=4533.5 active=100.0% perf capQ=0.017ms capSend=0.096ms pkt=0.001ms sock=0.038ms
stats frame=5ms tx=200pps 1584.0kbps cap=100chunks/s 96000samples/s drop=0 q=0 avgAbs=4070.3 active=100.0% perf capQ=0.014ms capSend=0.079ms pkt=0.000ms sock=0.031ms
stats frame=5ms tx=200pps 1584.0kbps cap=100chunks/s 96000samples/s drop=0 q=0 avgAbs=5107.7 active=100.0% perf capQ=0.019ms capSend=0.097ms pkt=0.001ms sock=0.038ms
stats frame=5ms tx=202pps 1599.8kbps cap=101chunks/s 96960samples/s drop=0 q=0 avgAbs=3745.2 active=100.0% perf capQ=0.015ms capSend=0.085ms pkt=0.001ms sock=0.035ms
stats frame=5ms tx=200pps 1584.0kbps cap=100chunks/s 96000samples/s drop=0 q=0 avgAbs=3497.1 active=100.0% perf capQ=0.019ms capSend=0.112ms pkt=0.001ms sock=0.047ms
stats frame=5ms tx=200pps 1584.0kbps cap=100chunks/s 96000samples/s drop=0 q=0 avgAbs=3406.1 active=100.0% perf capQ=0.019ms capSend=0.103ms pkt=0.001ms sock=0.041ms
stats frame=5ms tx=200pps 1584.0kbps cap=100chunks/s 96000samples/s drop=0 q=0 avgAbs=3694.9 active=100.0% perf capQ=0.024ms capSend=0.111ms pkt=0.001ms sock=0.042ms
stats frame=5ms tx=200pps 1584.0kbps cap=100chunks/s 96000samples/s drop=0 q=0 avgAbs=3231.1 active=100.0% perf capQ=0.025ms capSend=0.111ms pkt=0.001ms sock=0.043ms
stats frame=5ms tx=202pps 1599.8kbps cap=101chunks/s 96960samples/s drop=0 q=0 avgAbs=3865.2 active=100.0% perf capQ=0.018ms capSend=0.105ms pkt=0.001ms sock=0.044ms
stats frame=5ms tx=200pps 1584.0kbps cap=100chunks/s 96000samples/s drop=0 q=0 avgAbs=4181.3 active=100.0% perf capQ=0.020ms capSend=0.099ms pkt=0.001ms sock=0.038ms
stats frame=5ms tx=200pps 1584.0kbps cap=100chunks/s 96000samples/s drop=0 q=0 avgAbs=4004.3 active=100.0% perf capQ=0.017ms capSend=0.103ms pkt=0.001ms sock=0.042ms
stats frame=5ms tx=202pps 1599.8kbps cap=101chunks/s 96960samples/s drop=0 q=0 avgAbs=4483.9 active=100.0% perf capQ=0.020ms capSend=0.095ms pkt=0.001ms sock=0.037ms
stats frame=5ms tx=200pps 1584.0kbps cap=100chunks/s 96000samples/s drop=0 q=0 avgAbs=5748.8 active=100.0% perf capQ=0.022ms capSend=0.103ms pkt=0.001ms sock=0.039ms
stats frame=5ms tx=200pps 1584.0kbps cap=100chunks/s 96000samples/s drop=0 q=0 avgAbs=9614.7 active=100.0% perf capQ=0.018ms capSend=0.098ms pkt=0.001ms sock=0.040ms
stats frame=5ms tx=200pps 1584.0kbps cap=100chunks/s 96000samples/s drop=0 q=0 avgAbs=9911.3 active=100.0% perf capQ=0.018ms capSend=0.098ms pkt=0.001ms sock=0.040ms
stats frame=5ms tx=202pps 1599.8kbps cap=101chunks/s 96960samples/s drop=0 q=0 avgAbs=7468.4 active=100.0% perf capQ=0.017ms capSend=0.084ms pkt=0.000ms sock=0.033ms
stats frame=5ms tx=200pps 1584.0kbps cap=100chunks/s 96000samples/s drop=0 q=0 avgAbs=8302.7 active=100.0% perf capQ=0.017ms capSend=0.096ms pkt=0.001ms sock=0.039ms
stats frame=5ms tx=200pps 1584.0kbps cap=100chunks/s 96000samples/s drop=0 q=0 avgAbs=8870.8 active=100.0% perf capQ=0.020ms capSend=0.089ms pkt=0.001ms sock=0.033ms
stats frame=5ms tx=200pps 1584.0kbps cap=100chunks/s 96000samples/s drop=0 q=0 avgAbs=9050.6 active=100.0% perf capQ=0.014ms capSend=0.082ms pkt=0.001ms sock=0.032ms
stats frame=5ms tx=202pps 1599.8kbps cap=101chunks/s 96960samples/s drop=0 q=0 avgAbs=9246.4 active=100.0% perf capQ=0.015ms capSend=0.090ms pkt=0.001ms sock=0.036ms
stats frame=5ms tx=200pps 1584.0kbps cap=100chunks/s 96000samples/s drop=0 q=0 avgAbs=8794.9 active=100.0% perf capQ=0.015ms capSend=0.087ms pkt=0.001ms sock=0.035ms
stats frame=5ms tx=200pps 1584.0kbps cap=100chunks/s 96000samples/s drop=0 q=0 avgAbs=8221.9 active=100.0% perf capQ=0.014ms capSend=0.078ms pkt=0.001ms sock=0.031ms
stats frame=5ms tx=200pps 1584.0kbps cap=100chunks/s 96000samples/s drop=0 q=0 avgAbs=7206.2 active=100.0% perf capQ=0.019ms capSend=0.096ms pkt=0.000ms sock=0.038ms
stats frame=5ms tx=202pps 1599.8kbps cap=101chunks/s 96960samples/s drop=0 q=0 avgAbs=8455.8 active=100.0% perf capQ=0.020ms capSend=0.089ms pkt=0.001ms sock=0.033ms
stats frame=5ms tx=200pps 1584.0kbps cap=100chunks/s 96000samples/s drop=0 q=0 avgAbs=9250.4 active=100.0% perf capQ=0.021ms capSend=0.090ms pkt=0.000ms sock=0.034ms
stats frame=5ms tx=200pps 1584.0kbps cap=100chunks/s 96000samples/s drop=0 q=0 avgAbs=8763.1 active=100.0% perf capQ=0.016ms capSend=0.098ms pkt=0.001ms sock=0.040ms
stats frame=5ms tx=202pps 1599.8kbps cap=101chunks/s 96960samples/s drop=0 q=0 avgAbs=9037.5 active=100.0% perf capQ=0.016ms capSend=0.088ms pkt=0.001ms sock=0.036ms
stats frame=5ms tx=200pps 1584.0kbps cap=100chunks/s 96000samples/s drop=0 q=0 avgAbs=7540.6 active=100.0% perf capQ=0.017ms capSend=0.090ms pkt=0.001ms sock=0.035ms
stats frame=5ms tx=200pps 1584.0kbps cap=100chunks/s 96000samples/s drop=0 q=0 avgAbs=7844.9 active=100.0% perf capQ=0.020ms capSend=0.078ms pkt=0.000ms sock=0.028ms
stats frame=5ms tx=202pps 1599.8kbps cap=101chunks/s 96960samples/s drop=0 q=0 avgAbs=8217.4 active=100.0% perf capQ=0.016ms capSend=0.090ms pkt=0.001ms sock=0.036ms
stats frame=5ms tx=200pps 1584.0kbps cap=100chunks/s 96000samples/s drop=0 q=0 avgAbs=9489.2 active=100.0% perf capQ=0.020ms capSend=0.114ms pkt=0.001ms sock=0.047ms
stats frame=5ms tx=200pps 1584.0kbps cap=100chunks/s 96000samples/s drop=0 q=0 avgAbs=8862.7 active=100.0% perf capQ=0.020ms capSend=0.099ms pkt=0.001ms sock=0.039ms
stats frame=5ms tx=200pps 1584.0kbps cap=100chunks/s 96000samples/s drop=0 q=0 avgAbs=8979.4 active=100.0% perf capQ=0.014ms capSend=0.084ms pkt=0.001ms sock=0.034ms
stats frame=5ms tx=200pps 1584.0kbps cap=100chunks/s 96000samples/s drop=0 q=0 avgAbs=8508.0 active=100.0% perf capQ=0.016ms capSend=0.082ms pkt=0.001ms sock=0.032ms
stats frame=5ms tx=200pps 1584.0kbps cap=100chunks/s 96000samples/s drop=0 q=0 avgAbs=6647.8 active=100.0% perf capQ=0.014ms capSend=0.086ms pkt=0.001ms sock=0.035ms
stats frame=5ms tx=202pps 1599.8kbps cap=101chunks/s 96960samples/s drop=0 q=0 avgAbs=5623.2 active=100.0% perf capQ=0.017ms capSend=0.086ms pkt=0.001ms sock=0.033ms
stats frame=5ms tx=200pps 1584.0kbps cap=100chunks/s 96000samples/s drop=0 q=0 avgAbs=4761.3 active=100.0% perf capQ=0.014ms capSend=0.083ms pkt=0.000ms sock=0.034ms
stats frame=5ms tx=200pps 1584.0kbps cap=100chunks/s 96000samples/s drop=0 q=0 avgAbs=4046.3 active=100.0% perf capQ=0.012ms capSend=0.076ms pkt=0.001ms sock=0.031ms
stats frame=5ms tx=200pps 1584.0kbps cap=100chunks/s 96000samples/s drop=0 q=0 avgAbs=3526.1 active=100.0% perf capQ=0.019ms capSend=0.098ms pkt=0.001ms sock=0.040ms
stats frame=5ms tx=200pps 1584.0kbps cap=100chunks/s 96000samples/s drop=0 q=0 avgAbs=3389.9 active=100.0% perf capQ=0.019ms capSend=0.092ms pkt=0.001ms sock=0.035ms
stats frame=5ms tx=202pps 1599.8kbps cap=101chunks/s 96960samples/s drop=0 q=0 avgAbs=3210.3 active=100.0% perf capQ=0.016ms capSend=0.095ms pkt=0.001ms sock=0.038ms
stats frame=5ms tx=200pps 1584.0kbps cap=100chunks/s 96000samples/s drop=0 q=0 avgAbs=1241.5 active=99.9% perf capQ=0.012ms capSend=0.075ms pkt=0.001ms sock=0.030ms
stats frame=5ms tx=200pps 1584.0kbps cap=100chunks/s 96000samples/s drop=0 q=0 avgAbs=1131.3 active=99.9% perf capQ=0.018ms capSend=0.088ms pkt=0.001ms sock=0.035ms
stats frame=5ms tx=200pps 1584.0kbps cap=100chunks/s 96000samples/s drop=0 q=0 avgAbs=3256.3 active=100.0% perf capQ=0.017ms capSend=0.099ms pkt=0.001ms sock=0.039ms
stats frame=5ms tx=200pps 1584.0kbps cap=100chunks/s 96000samples/s drop=0 q=0 avgAbs=2619.6 active=100.0% perf capQ=0.017ms capSend=0.083ms pkt=0.001ms sock=0.031ms
stats frame=5ms tx=202pps 1599.8kbps cap=101chunks/s 96960samples/s drop=0 q=0 avgAbs=3219.1 active=100.0% perf capQ=0.020ms capSend=0.101ms pkt=0.001ms sock=0.040ms
stats frame=5ms tx=200pps 1584.0kbps cap=100chunks/s 96000samples/s drop=0 q=0 avgAbs=3614.8 active=100.0% perf capQ=0.017ms capSend=0.092ms pkt=0.001ms sock=0.037ms
stats frame=5ms tx=200pps 1584.0kbps cap=100chunks/s 96000samples/s drop=0 q=0 avgAbs=1185.3 active=99.9% perf capQ=0.018ms capSend=0.087ms pkt=0.001ms sock=0.034ms
stats frame=5ms tx=200pps 1584.0kbps cap=100chunks/s 96000samples/s drop=0 q=0 avgAbs=993.9 active=99.9% perf capQ=0.017ms capSend=0.102ms pkt=0.001ms sock=0.041ms
stats frame=5ms tx=202pps 1599.8kbps cap=101chunks/s 96960samples/s drop=0 q=0 avgAbs=2668.4 active=99.9% perf capQ=0.014ms capSend=0.086ms pkt=0.001ms sock=0.034ms
stats frame=5ms tx=200pps 1584.0kbps cap=100chunks/s 96000samples/s drop=0 q=0 avgAbs=4229.6 active=100.0% perf capQ=0.021ms capSend=0.108ms pkt=0.001ms sock=0.041ms
stats frame=5ms tx=200pps 1584.0kbps cap=100chunks/s 96000samples/s drop=0 q=0 avgAbs=3695.1 active=100.0% perf capQ=0.019ms capSend=0.123ms pkt=0.001ms sock=0.050ms
stats frame=5ms tx=200pps 1584.0kbps cap=100chunks/s 96000samples/s drop=0 q=0 avgAbs=3374.5 active=100.0% perf capQ=0.077ms capSend=0.193ms pkt=0.001ms sock=0.056ms
stats frame=5ms tx=200pps 1584.0kbps cap=100chunks/s 96000samples/s drop=0 q=0 avgAbs=2881.9 active=100.0% perf capQ=0.055ms capSend=0.269ms pkt=0.002ms sock=0.102ms
stats frame=5ms tx=202pps 1599.8kbps cap=101chunks/s 96960samples/s drop=0 q=0 avgAbs=1470.6 active=99.9% perf capQ=0.102ms capSend=0.315ms pkt=0.003ms sock=0.102ms
stats frame=5ms tx=200pps 1584.0kbps cap=100chunks/s 96000samples/s drop=0 q=0 avgAbs=1807.1 active=100.0% perf capQ=0.045ms capSend=0.216ms pkt=0.002ms sock=0.082ms
stats frame=5ms tx=200pps 1584.0kbps cap=100chunks/s 96000samples/s drop=0 q=0 avgAbs=9661.3 active=100.0% perf capQ=0.058ms capSend=0.248ms pkt=0.002ms sock=0.091ms
stats frame=5ms tx=200pps 1584.0kbps cap=100chunks/s 96000samples/s drop=0 q=0 avgAbs=8417.3 active=100.0% perf capQ=0.049ms capSend=0.197ms pkt=0.002ms sock=0.070ms
stats frame=5ms tx=200pps 1584.0kbps cap=100chunks/s 96000samples/s drop=0 q=0 avgAbs=10446.0 active=100.0% perf capQ=0.072ms capSend=0.201ms pkt=0.001ms sock=0.057ms
stats frame=5ms tx=200pps 1584.0kbps cap=100chunks/s 96000samples/s drop=0 q=0 avgAbs=9203.6 active=100.0% perf capQ=0.021ms capSend=0.133ms pkt=0.001ms sock=0.054ms
stats frame=5ms tx=200pps 1584.0kbps cap=100chunks/s 96000samples/s drop=0 q=0 avgAbs=6833.3 active=100.0% perf capQ=0.023ms capSend=0.158ms pkt=0.002ms sock=0.065ms
stats frame=5ms tx=202pps 1599.8kbps cap=101chunks/s 96960samples/s drop=0 q=0 avgAbs=7307.3 active=100.0% perf capQ=0.018ms capSend=0.119ms pkt=0.001ms sock=0.048ms
